<?xml version="1.0" encoding="UTF-8"?>
<!-- Generated by org.testng.reporters.JUnitReportReporter -->
<testsuite hostname="MSI" failures="0" tests="3" name="com.jcpenney.tests.SearchTest" time="22.817" errors="0" timestamp="2025-07-20T23:37:13 IST" skipped="0">
  <testcase classname="com.jcpenney.tests.SearchTest" name="testSearchBarIsVisible" time="6.158"/>
  <testcase classname="com.jcpenney.tests.SearchTest" name="testSearchWithValidKeyword" time="11.101"/>
  <testcase classname="com.jcpenney.tests.SearchTest" name="testSearchWithInvalidKeyword" time="5.558"/>
</testsuite> <!-- com.jcpenney.tests.SearchTest -->
