<?xml version="1.0" encoding="UTF-8"?>
<!-- Generated by org.testng.reporters.JUnitReportReporter -->
<testsuite hostname="MSI" failures="0" tests="1" name="com.jcpenney.tests.RegisterTest" time="33.435" errors="0" timestamp="2025-07-17T20:11:12 IST" skipped="0">
  <testcase classname="com.jcpenney.tests.RegisterTest" name="verifyRegisterFunctionality" time="33.435"/>
</testsuite> <!-- com.jcpenney.tests.RegisterTest -->
