<?xml version="1.0" encoding="UTF-8"?>
<!-- Generated by org.testng.reporters.JUnitReportReporter -->
<testsuite hostname="MSI" failures="0" tests="4" name="com.jcpenney.tests.LoginTest" time="45.944" errors="0" timestamp="2025-07-20T23:36:32 IST" skipped="0">
  <testcase classname="com.jcpenney.tests.LoginTest" name="TC_01_loginWithValidCredentials" time="14.598"/>
  <testcase classname="com.jcpenney.tests.LoginTest" name="TC_02_loginWithInvalidEmail" time="12.948"/>
  <testcase classname="com.jcpenney.tests.LoginTest" name="TC_03_loginWithWrongPassword" time="10.066"/>
  <testcase classname="com.jcpenney.tests.LoginTest" name="TC_04_loginWithEmptyFields" time="8.332"/>
</testsuite> <!-- com.jcpenney.tests.LoginTest -->
