<?xml version="1.0" encoding="UTF-8"?>
<!-- Generated by org.testng.reporters.JUnitReportReporter -->
<testsuite hostname="MSI" failures="0" tests="1" name="com.jcpenney.tests.ProductPageTest" time="24.998" errors="0" timestamp="2025-07-21T01:06:38 IST" skipped="0">
  <testcase classname="com.jcpenney.tests.ProductPageTest" name="searchProductAndVerifyProductDetails" time="24.998"/>
</testsuite> <!-- com.jcpenney.tests.ProductPageTest -->
